[2024-06-09 14:14:52.613] [memgraph_log] [trace] Unexpected RUN command!
[2024-06-09 14:14:52.613] [memgraph_log] [error] Exception was thrown while processing event in Bolt session associated with 172.24.0.1:44908
[2024-06-09 14:14:52.613] [memgraph_log] [debug] Exception message: Something went wrong during session execution!

Whole log:
[2024-06-09 14:14:45.597] [memgraph_log] [debug] [Run - memgraph] 'MATCH(j:Job {id:$jid})
SET j.state=$state
'
[2024-06-09 14:14:46.597] [memgraph_log] [debug] [Run - memgraph] 'MATCH (j:Job {state:"RUNNABLE"})RETURN j.id
'
[2024-06-09 14:14:46.598] [memgraph_log] [debug] [Run - memgraph] 'MATCH (j:Job)RETURN j
'
[2024-06-09 14:14:46.845] [memgraph_log] [info] Accepted a connection from Bolt: 172.24.0.1:47426
[2024-06-09 14:14:46.845] [memgraph_log] [info] Using version 4.1 of protocol
[2024-06-09 14:14:46.845] [memgraph_log] [info] Client connected 'mgclient++/1.4.0'
[2024-06-09 14:14:46.845] [memgraph_log] [debug] [Run - memgraph] 'CREATE CONSTRAINT ON (n:Node) ASSERT n.id IS UNIQUE'
[2024-06-09 14:14:46.845] [memgraph_log] [debug] [Run - memgraph] 'CREATE CONSTRAINT ON (f:File) ASSERT f.id IS UNIQUE'
[2024-06-09 14:14:46.845] [memgraph_log] [debug] [Run - memgraph] 'CREATE CONSTRAINT ON (f:File) ASSERT exists(f.path)'
[2024-06-09 14:14:46.846] [memgraph_log] [debug] [Run - memgraph] 'CREATE INDEX ON :Node(id)'
[2024-06-09 14:14:46.846] [memgraph_log] [trace] Vertices size when creating index: 13464
[2024-06-09 14:14:46.846] [memgraph_log] [debug] [Run - memgraph] 'CREATE INDEX ON :File'
[2024-06-09 14:14:46.846] [memgraph_log] [debug] [Run - memgraph] 'CREATE INDEX ON :Component'
[2024-06-09 14:14:46.846] [memgraph_log] [debug] [Run - memgraph] 'CREATE EDGE INDEX ON :stored'
[2024-06-09 14:14:46.846] [memgraph_log] [debug] [Run - memgraph] 'CREATE EDGE INDEX ON :adj'
[2024-06-09 14:14:46.846] [memgraph_log] [debug] [Run - memgraph] 'CREATE EDGE INDEX ON :part_of'
[2024-06-09 14:14:46.913] [memgraph_log] [info] Accepted a connection from Bolt: 172.24.0.1:47438
[2024-06-09 14:14:46.913] [memgraph_log] [info] Using version 4.1 of protocol
[2024-06-09 14:14:46.913] [memgraph_log] [info] Client connected 'mgclient++/1.4.0'
[2024-06-09 14:14:46.913] [memgraph_log] [debug] [Run - memgraph] 'CREATE CONSTRAINT ON (n:Node) ASSERT n.id IS UNIQUE'
[2024-06-09 14:14:46.913] [memgraph_log] [debug] [Run - memgraph] 'CREATE CONSTRAINT ON (f:File) ASSERT f.id IS UNIQUE'
[2024-06-09 14:14:46.914] [memgraph_log] [debug] [Run - memgraph] 'CREATE CONSTRAINT ON (f:File) ASSERT exists(f.path)'
[2024-06-09 14:14:46.914] [memgraph_log] [debug] [Run - memgraph] 'CREATE INDEX ON :Node(id)'
[2024-06-09 14:14:46.914] [memgraph_log] [trace] Vertices size when creating index: 13464
[2024-06-09 14:14:46.914] [memgraph_log] [debug] [Run - memgraph] 'CREATE INDEX ON :File'
[2024-06-09 14:14:46.914] [memgraph_log] [debug] [Run - memgraph] 'CREATE INDEX ON :Component'
[2024-06-09 14:14:46.914] [memgraph_log] [debug] [Run - memgraph] 'CREATE EDGE INDEX ON :stored'
[2024-06-09 14:14:46.914] [memgraph_log] [debug] [Run - memgraph] 'CREATE EDGE INDEX ON :adj'
[2024-06-09 14:14:46.914] [memgraph_log] [debug] [Run - memgraph] 'CREATE EDGE INDEX ON :part_of'
[2024-06-09 14:14:46.943] [memgraph_log] [debug] [Run - memgraph] 'MERGE (f:File {path:$path})RETURN ID(f)'
[2024-06-09 14:14:46.948] [memgraph_log] [debug] [Run - memgraph] 'MERGE (f:File {path:$path})RETURN ID(f)'
[2024-06-09 14:14:46.999] [memgraph_log] [debug] [Run - memgraph] 'MERGE (f:File {path:$path})RETURN ID(f)'
[2024-06-09 14:14:47.148] [memgraph_log] [debug] [Run - memgraph] 'MERGE (f:File {path:$path})RETURN ID(f)'
[2024-06-09 14:14:47.167] [memgraph_log] [debug] [Run - memgraph] 'MERGE (f:File {path:$path})RETURN ID(f)'
[2024-06-09 14:14:47.203] [memgraph_log] [debug] [Run - memgraph] 'MERGE (f:File {path:$path})RETURN ID(f)'
[2024-06-09 14:14:47.232] [memgraph_log] [debug] [Run - memgraph] 'MERGE (f:File {path:$path})RETURN ID(f)'
[2024-06-09 14:14:47.306] [memgraph_log] [debug] [Run - memgraph] 'MERGE (f:File {path:$path})RETURN ID(f)'
[2024-06-09 14:14:47.454] [memgraph_log] [debug] [Run - memgraph] 'MERGE (f:File {path:$path})RETURN ID(f)'
[2024-06-09 14:14:47.510] [memgraph_log] [debug] [Run - memgraph] 'MERGE (f:File {path:$path})RETURN ID(f)'
[2024-06-09 14:14:47.529] [memgraph_log] [debug] [Run - memgraph] 'MERGE (f:File {path:$path})RETURN ID(f)'
[2024-06-09 14:14:47.567] [memgraph_log] [debug] [Run - memgraph] 'MERGE (f:File {path:$path})RETURN ID(f)'
[2024-06-09 14:14:47.599] [memgraph_log] [debug] [Run - memgraph] 'MATCH (j:Job {state:"RUNNABLE"})RETURN j.id
'
[2024-06-09 14:14:47.601] [memgraph_log] [debug] [Run - memgraph] 'MATCH (j:Job)RETURN j
'
[2024-06-09 14:14:48.602] [memgraph_log] [debug] [Run - memgraph] 'MATCH (j:Job {state:"RUNNABLE"})RETURN j.id
'
[2024-06-09 14:14:48.603] [memgraph_log] [debug] [Run - memgraph] 'MATCH (j:Job)RETURN j
'
[2024-06-09 14:14:49.604] [memgraph_log] [debug] [Run - memgraph] 'MATCH (j:Job {state:"RUNNABLE"})RETURN j.id
'
[2024-06-09 14:14:49.605] [memgraph_log] [debug] [Run - memgraph] 'MATCH (j:Job)RETURN j
'
[2024-06-09 14:14:50.607] [memgraph_log] [debug] [Run - memgraph] 'MATCH (j:Job {state:"RUNNABLE"})RETURN j.id
'
[2024-06-09 14:14:50.608] [memgraph_log] [debug] [Run - memgraph] 'MATCH (j:Job)RETURN j
'
[2024-06-09 14:14:50.757] [memgraph_log] [debug] [Run - memgraph] 'UNWIND $data AS node
MATCH (f:File) WHERE ID(f) = node.fileId
MERGE (n:Node {id:node.id})
MERGE (n)-[:stored]->(f)
'
[2024-06-09 14:14:50.807] [memgraph_log] [debug] [Run - memgraph] 'UNWIND $data AS edge
MATCH (ff:File) WHERE ID(ff)=edge.fromFile
MATCH (tf:File) WHERE ID(tf)=edge.toFile
MERGE (f:Node {id:edge.from})
MERGE (t:Node {id:edge.to})
MERGE (f)-[:stored]->(ff)
MERGE (t)-[:stored]->(tf)
MERGE (f)-[:adj]->(t)
'
[2024-06-09 14:14:50.920] [memgraph_log] [debug] [Run - memgraph] 'UNWIND $data AS edge
MATCH (ff:File) WHERE ID(ff)=edge.fromFile
MATCH (tf:File) WHERE ID(tf)=edge.toFile
MERGE (f:Node {id:edge.from})
MERGE (t:Node {id:edge.to})
MERGE (f)-[:stored]->(ff)
MERGE (t)-[:stored]->(tf)
MERGE (f)-[:adj]->(t)
'
[2024-06-09 14:14:51.003] [memgraph_log] [info] Session closed by peer
[2024-06-09 14:14:51.609] [memgraph_log] [debug] [Run - memgraph] 'MATCH (j:Job {state:"RUNNABLE"})RETURN j.id
'
[2024-06-09 14:14:51.610] [memgraph_log] [debug] [Run - memgraph] 'MATCH (j:Job)RETURN j
'
[2024-06-09 14:14:52.611] [memgraph_log] [debug] [Run - memgraph] 'MATCH (j:Job {state:"RUNNABLE"})RETURN j.id
'
[2024-06-09 14:14:52.613] [memgraph_log] [debug] [Run - memgraph] 'MATCH (j:Job)RETURN j
'
[2024-06-09 14:14:52.613] [memgraph_log] [trace] Unexpected RUN command!
[2024-06-09 14:14:52.613] [memgraph_log] [error] Exception was thrown while processing event in Bolt session associated with 172.24.0.1:44908
[2024-06-09 14:14:52.613] [memgraph_log] [debug] Exception message: Something went wrong during session execution!
[2024-06-09 14:14:52.613] [memgraph_log] [info] Accepted a connection from Bolt: 172.24.0.1:58708
[2024-06-09 14:14:52.613] [memgraph_log] [info] Accepted a connection from Bolt: 172.24.0.1:58722
[2024-06-09 14:14:52.613] [memgraph_log] [info] Using version 4.1 of protocol
[2024-06-09 14:14:52.613] [memgraph_log] [info] Using version 4.1 of protocol
[2024-06-09 14:14:52.613] [memgraph_log] [info] Client connected 'mgclient++/1.4.0'
[2024-06-09 14:14:52.613] [memgraph_log] [info] Client connected 'mgclient++/1.4.0'
[2024-06-09 14:14:52.614] [memgraph_log] [info] Sudden connection loss. Make sure the client supports Memgraph.
[2024-06-09 14:14:52.614] [memgraph_log] [info] Session closed by peer
[2024-06-09 14:14:52.614] [memgraph_log] [debug] [Run - memgraph] 'MATCH (j:Job)RETURN j
'
[2024-06-09 14:14:52.614] [memgraph_log] [trace] Unexpected RUN command!
[2024-06-09 14:14:52.614] [memgraph_log] [error] Exception was thrown while processing event in Bolt session associated with 172.24.0.1:58722
[2024-06-09 14:14:52.614] [memgraph_log] [debug] Exception message: Something went wrong during session execution!
[2024-06-09 14:14:55.346] [memgraph_log] [debug] [Run - memgraph] 'UNWIND $data AS node
MATCH (f:File) WHERE ID(f) = node.fileId
MERGE (n:Node {id:node.id})
MERGE (n)-[:stored]->(f)
'
[2024-06-09 14:14:55.379] [memgraph_log] [debug] [Run - memgraph] 'UNWIND $data AS edge
MATCH (ff:File) WHERE ID(ff)=edge.fromFile
MATCH (tf:File) WHERE ID(tf)=edge.toFile
MERGE (f:Node {id:edge.from})
MERGE (t:Node {id:edge.to})
MERGE (f)-[:stored]->(ff)
MERGE (t)-[:stored]->(tf)
MERGE (f)-[:adj]->(t)
'
[2024-06-09 14:14:55.447] [memgraph_log] [debug] [Run - memgraph] 'UNWIND $data AS edge
MATCH (ff:File) WHERE ID(ff)=edge.fromFile
MATCH (tf:File) WHERE ID(tf)=edge.toFile
MERGE (f:Node {id:edge.from})
MERGE (t:Node {id:edge.to})
MERGE (f)-[:stored]->(ff)
MERGE (t)-[:stored]->(tf)
MERGE (f)-[:adj]->(t)
'
[2024-06-09 14:14:55.499] [memgraph_log] [info] Session closed by peer
[2024-06-09 14:15:00.266] [memgraph_log] [trace] Storage GC on 'memgraph' started [periodic]
[2024-06-09 14:15:00.266] [memgraph_log] [trace] Storage GC on 'memgraph' finished [periodic]
[2024-06-09 14:15:28.046] [memgraph_log] [info] Accepted a connection from Bolt: 172.24.0.3:50388
[2024-06-09 14:15:28.046] [memgraph_log] [info] Using version 4.3 of protocol
[2024-06-09 14:15:28.049] [memgraph_log] [info] Client connected 'neo4j-javascript/4.4.6'
[2024-06-09 14:15:28.051] [memgraph_log] [debug] [Run - memgraph] 'RETURN 1 AS APP_INTERNAL_EXEC_VAR'
[2024-06-09 14:15:28.054] [memgraph_log] [info] Bolt client 172.24.0.3:50388 closed the connection.
[2024-06-09 14:15:29.002] [memgraph_log] [info] Accepted a connection from Bolt: 172.24.0.3:50392
[2024-06-09 14:15:29.002] [memgraph_log] [info] Using version 4.3 of protocol
[2024-06-09 14:15:29.002] [memgraph_log] [info] Client connected 'neo4j-javascript/4.4.6'
[2024-06-09 14:15:29.002] [memgraph_log] [debug] [Run - memgraph] 'RETURN 1 AS APP_INTERNAL_EXEC_VAR'
[2024-06-09 14:15:29.003] [memgraph_log] [debug] [Run - memgraph] 'CALL mg.procedures() YIELD *'
[2024-06-09 14:15:29.014] [memgraph_log] [debug] [Run - memgraph] 'SHOW VERSION'
[2024-06-09 14:15:29.015] [memgraph_log] [debug] [Run - memgraph] 'SHOW STREAMS'
[2024-06-09 14:15:29.016] [memgraph_log] [debug] [Run - memgraph] 'SHOW DATABASES'
[2024-06-09 14:15:29.016] [memgraph_log] [trace] Error message: Trying to use enterprise feature without a valid license.
[2024-06-09 14:15:29.016] [memgraph_log] [trace] Reset received
[2024-06-09 14:15:29.019] [memgraph_log] [debug] [Run - memgraph] 'SHOW STORAGE INFO'
[2024-06-09 14:15:29.022] [memgraph_log] [debug] [Run - memgraph] 'SHOW INDEX INFO'
[2024-06-09 14:15:29.022] [memgraph_log] [info] Accepted a connection from Bolt: 172.24.0.3:50408
[2024-06-09 14:15:29.022] [memgraph_log] [info] Accepted a connection from Bolt: 172.24.0.3:50412
[2024-06-09 14:15:29.023] [memgraph_log] [info] Using version 4.3 of protocol
[2024-06-09 14:15:29.023] [memgraph_log] [info] Using version 4.3 of protocol
[2024-06-09 14:15:29.023] [memgraph_log] [info] Client connected 'neo4j-javascript/4.4.6'
[2024-06-09 14:15:29.023] [memgraph_log] [info] Client connected 'neo4j-javascript/4.4.6'
[2024-06-09 14:15:29.023] [memgraph_log] [debug] [Run - memgraph] 'SHOW CONSTRAINT INFO'
[2024-06-09 14:15:29.024] [memgraph_log] [debug] [Run - memgraph] 'SHOW TRIGGERS'
[2024-06-09 14:15:29.402] [memgraph_log] [debug] [Run - memgraph] 'CALL mg.procedures() YIELD *'
[2024-06-09 14:15:29.402] [memgraph_log] [debug] [Run - memgraph] 'CALL mg.transformations() YIELD *'
[2024-06-09 14:15:29.402] [memgraph_log] [debug] [Run - memgraph] 'CALL mg.functions() YIELD *'
[2024-06-09 14:15:29.414] [memgraph_log] [debug] [Run - memgraph] 'CALL mg.get_module_files() YIELD *'
[2024-06-09 14:15:29.901] [memgraph_log] [debug] [Run - memgraph] 'SHOW STORAGE INFO'
[2024-06-09 14:15:29.903] [memgraph_log] [debug] [Run - memgraph] 'MATCH (APP_INTERNAL_EXEC_VAR) return COUNT(APP_INTERNAL_EXEC_VAR) as cnt'
[2024-06-09 14:15:29.903] [memgraph_log] [debug] [Run - memgraph] 'SHOW INDEX INFO'
[2024-06-09 14:15:29.903] [memgraph_log] [debug] [Run - memgraph] 'SHOW CONSTRAINT INFO'

